=~=~=~=~=~=~=~=~=~=~=~= PuTTY log 2022.06.17 14:09:59 =~=~=~=~=~=~=~=~=~=~=~=
Starting ADC measurements
1023
868
235
0
0
0
0
0
0
159
694
1023
1023
1023
1023
1023
1023
920
534
0
0
0
0
0
0
75
399
1023
1023
1023
1023
1023
1023
992
711
0
0
0
0
0
0
0
0
291
1023
1023
1023
1023
1023
1023
1023
801
0
0
0
0
0
0
0
224
977
1023
1023
1023
1023
1023
1023
866
272
0
0
0
0
0
0
146
674
1023
1023
1023
1023
1023
1023
920
552
505
0
0
0
0
0
0
83
399
1023
1023
1023
1023
1023
1023
996
730
0
0
0
0
0
0
0
278
1023
1023
1023
1023
1023
1023
1023
809
0
0
0
0
0
0
0
204
993
999
1023
1023
1023
1023
1023
1023
875
271
0
0
0
0
0
0
133
646
1023
1023
1023
1023
1023
1023
916
566
0
0
0
0
0
0
69
380
1023
1023
1023
1023
1023
1023
1011
743
0
0
0
0
0
0
0
0
292
1023
1023
1023
1023
1023
1023
1023
831
0
0
0
0
0
0
0
201
932
1023
1023
1023
1023
1023
1023
877
316
0
0
0
0
0
0
148
636
1023
1023
1023
1023
1023
1023
1023
945
578
0
0
0
0
0
0
74
368
1023
1023
1023
1023
1023
1023
1023
739
0
0
0
0
0
0
0
259
1023
1023
1023
1023
1023
1023
1023
807
39
0
0
0
0
0
0
0
201
908
1023
1023
1023
1023
1023
1023
892
307
0
0
0
0
0
0
129
596
1023
1023
1023
1023
1023
1023
935
612
0
0
0
0
0
0
60
370
1023
1023
1023
1023
1023
1023
1023
1021
740
0
0
0
0
0
0
0
270
1023
1023
1023
1023
1023
1023
1023
831
75
0
0
0
0
0
0
195
885
1023
1023
1023
1023
1023
1023
883
364
0
0
0
0
0
0
0
129
591
1023
1023
1023
1023
1023
1023
941
637
0
0
0
0
0
0
51
353
1023
1023
1023
1023
1023
1023
1023
752
0
0
0
0
0
0
0
259
1023
1023
1023
1023
1023
1023
1023
1023
828
92
0
0
0
0
0
0
188
865
1023
1023
1023
1023
1023
1023
900
372
0
0
0
0
0
0
129
552
1023
1023
1023
1023
1023
1023
964
641
0
0
0
0
0
0
49
349
356
1023
1023
1023
1023
1023
1023
1023
762
0
0
0
0
0
0
0
240
1023
1023
1023
1023
1023
1023
1023
834
102
0
0
0
0
0
0
175
864
1023
1023
1023
1023
1023
1023
911
394
0
0
0
0
0
0
0
124
536
1023
1023
1023
1023
1023
1023
955
676
0
0
0
0
0
0
44
355
1023
1023
1023
1023
1023
1023
1023
773
0
0
0
0
0
0
0
248
1023
1023
1023
1023
1023
1023
1023
1023
843
111
0
0
0
0
0
0
176
824
1023
1023
1023
1023
1023
1023
903
420
0
0
0
0
0
0
124
531
1023
1023
1023
1023
1023
1023
959
671
0
0
0
0
0
0
0
24
331
1023
1023
1023
1023
1023
1023
1023
758
0
0
0
0
0
0
0
240
1023
1023
1023
1023
1023
1023
1023
844
153
0
0
0
0
0
0
174
830
1023
1023
1023
1023
1023
1023
1023
908
423
0
0
0
0
0
0
113
494
1023
1023
1023
1023
1023
1023
973
696
0
0
0
0
0
0
24
332
1023
1023
1023
1023
1023
1023
1023
774
0
0
0
0
0
0
0
0
233
1023
1023
1023
1023
1023
1023
1023
845
175
0
0
0
0
0
0
182
850
1023
1023
1023
1023
1023
1023
899
465
0
0
0
0
0
0
114
475
1023
1023
1023
1023
1023
1023
1023
977
708
0
0
0
0
0
0
17
331
1023
1023
1023
1023
1023
1023
1023
793
0
0
0
0
0
0
0
240
1023
1023
1023
1023
1023
1023
1023
879
185
0
0
0
0
0
0
164
175
738
1023
1023
1023
1023
1023
1023
929
487
0
0
0
0
0
0
121
452
1023
1023
1023
1023
1023
1023
997
708
0
0
0
0
0
0
3
308
1023
1023
1023
1023
1023
1023
1023
777
780
0
0
0
0
0
0
0
216
1023
1023
1023
1023
1023
1023
1023
855
192
0
0
0
0
0
0
159
731
1023
1023
1023
1023
1023
1023
920
508
0
0
0
0
0
0
96
428
1023
1023
1023
1023
1023
1023
1023
988
716
0
0
0
0
0
0
3
304
1023
1023
1023
1023
1023
1023
1023
798
0
0
0
0
0
0
0
222
1023
1023
1023
1023
1023
1023
1023
867
243
0
0
0
0
0
0
0
140
703
1023
1023
1023
1023
1023
1023
911
512
0
0
0
0
0
0
87
399
1023
1023
1023
1023
1023
1023
986
716
0
0
0
0
0
0
1
304
1023
1023
1023
1023
1023
1023
1023
1023
804
0
0
0
0
0
0
0
214
995
1023
1023
1023
1023
1023
1023
876
259
0
0
0
0
0
0
156
673
1023
1023
1023
1023
1023
1023
931
551
0
0
0
0
0
0
0
78
393
1023
1023
1023
1023
1023
1023
1000
731
0
0
0
0
0
0
0
286
1023
1023
1023
1023
1023
1023
1023
798
0
0
0
0
0
0
0
198
973
1023
1023
1023
1023
1023
1023
1023
871
292
0
0
0
0
0
0
152
671
1023
1023
1023
1023
1023
1023
927
550
0
0
0
0
0
0
77
387
1023
1023
1023
1023
1023
1023
993
731
0
0
0
0
0
0
0
Ending ADC measurements
Halting
